{"C:\\Users\\jefe\\Desktop\\week5project\\LaFosseAlphaProject\\client\\country.js": {"path":"C:\\Users\\jefe\\Desktop\\week5project\\LaFosseAlphaProject\\client\\country.js","statementMap":{"0":{"start":{"line":1,"column":25},"end":{"line":1,"column":63}},"1":{"start":{"line":2,"column":16},"end":{"line":2,"column":53}},"2":{"start":{"line":3,"column":12},"end":{"line":3,"column":42}},"3":{"start":{"line":4,"column":23},"end":{"line":4,"column":65}},"4":{"start":{"line":5,"column":18},"end":{"line":5,"column":54}},"5":{"start":{"line":6,"column":14},"end":{"line":6,"column":50}},"6":{"start":{"line":7,"column":18},"end":{"line":7,"column":54}},"7":{"start":{"line":9,"column":14},"end":{"line":9,"column":15}},"8":{"start":{"line":10,"column":21},"end":{"line":10,"column":23}},"9":{"start":{"line":12,"column":0},"end":{"line":14,"column":2}},"10":{"start":{"line":13,"column":2},"end":{"line":13,"column":10}},"11":{"start":{"line":17,"column":2},"end":{"line":17,"column":23}},"12":{"start":{"line":18,"column":2},"end":{"line":18,"column":38}},"13":{"start":{"line":21,"column":0},"end":{"line":39,"column":2}},"14":{"start":{"line":22,"column":4},"end":{"line":22,"column":22}},"15":{"start":{"line":23,"column":4},"end":{"line":37,"column":5}},"16":{"start":{"line":24,"column":8},"end":{"line":24,"column":41}},"17":{"start":{"line":25,"column":8},"end":{"line":25,"column":84}},"18":{"start":{"line":27,"column":8},"end":{"line":29,"column":17}},"19":{"start":{"line":28,"column":12},"end":{"line":28,"column":37}},"20":{"start":{"line":31,"column":8},"end":{"line":31,"column":37}},"21":{"start":{"line":32,"column":8},"end":{"line":32,"column":25}},"22":{"start":{"line":34,"column":4},"end":{"line":34,"column":18}},"23":{"start":{"line":35,"column":4},"end":{"line":35,"column":33}},"24":{"start":{"line":36,"column":4},"end":{"line":36,"column":31}},"25":{"start":{"line":42,"column":4},"end":{"line":80,"column":6}},"26":{"start":{"line":44,"column":28},"end":{"line":44,"column":53}},"27":{"start":{"line":46,"column":30},"end":{"line":55,"column":9}},"28":{"start":{"line":57,"column":7},"end":{"line":79,"column":9}},"29":{"start":{"line":58,"column":25},"end":{"line":58,"column":39}},"30":{"start":{"line":59,"column":20},"end":{"line":59,"column":43}},"31":{"start":{"line":60,"column":20},"end":{"line":60,"column":44}},"32":{"start":{"line":62,"column":12},"end":{"line":65,"column":13}},"33":{"start":{"line":63,"column":16},"end":{"line":63,"column":49}},"34":{"start":{"line":64,"column":16},"end":{"line":64,"column":49}},"35":{"start":{"line":66,"column":12},"end":{"line":66,"column":39}},"36":{"start":{"line":67,"column":25},"end":{"line":67,"column":86}},"37":{"start":{"line":68,"column":12},"end":{"line":68,"column":37}},"38":{"start":{"line":69,"column":12},"end":{"line":69,"column":37}},"39":{"start":{"line":70,"column":12},"end":{"line":70,"column":48}},"40":{"start":{"line":71,"column":12},"end":{"line":71,"column":52}},"41":{"start":{"line":72,"column":12},"end":{"line":72,"column":44}},"42":{"start":{"line":73,"column":12},"end":{"line":73,"column":55}},"43":{"start":{"line":74,"column":12},"end":{"line":74,"column":56}},"44":{"start":{"line":75,"column":12},"end":{"line":75,"column":34}},"45":{"start":{"line":76,"column":12},"end":{"line":76,"column":24}},"46":{"start":{"line":77,"column":12},"end":{"line":77,"column":63}},"47":{"start":{"line":78,"column":12},"end":{"line":78,"column":57}},"48":{"start":{"line":87,"column":17},"end":{"line":87,"column":54}},"49":{"start":{"line":88,"column":16},"end":{"line":88,"column":48}},"50":{"start":{"line":89,"column":19},"end":{"line":89,"column":57}},"51":{"start":{"line":92,"column":15},"end":{"line":92,"column":16}},"52":{"start":{"line":93,"column":0},"end":{"line":93,"column":22}},"53":{"start":{"line":96,"column":2},"end":{"line":96,"column":25}},"54":{"start":{"line":97,"column":2},"end":{"line":97,"column":30}},"55":{"start":{"line":98,"column":17},"end":{"line":98,"column":19}},"56":{"start":{"line":99,"column":2},"end":{"line":99,"column":25}},"57":{"start":{"line":100,"column":2},"end":{"line":100,"column":19}},"58":{"start":{"line":101,"column":2},"end":{"line":101,"column":30}},"59":{"start":{"line":102,"column":2},"end":{"line":102,"column":45}},"60":{"start":{"line":103,"column":2},"end":{"line":103,"column":16}},"61":{"start":{"line":104,"column":2},"end":{"line":104,"column":33}},"62":{"start":{"line":106,"column":2},"end":{"line":147,"column":11}},"63":{"start":{"line":107,"column":4},"end":{"line":107,"column":15}},"64":{"start":{"line":108,"column":4},"end":{"line":108,"column":35}},"65":{"start":{"line":110,"column":4},"end":{"line":146,"column":5}},"66":{"start":{"line":111,"column":6},"end":{"line":111,"column":16}},"67":{"start":{"line":112,"column":6},"end":{"line":145,"column":8}},"68":{"start":{"line":113,"column":30},"end":{"line":123,"column":7}},"69":{"start":{"line":124,"column":8},"end":{"line":124,"column":50}},"70":{"start":{"line":125,"column":8},"end":{"line":144,"column":9}},"71":{"start":{"line":126,"column":23},"end":{"line":126,"column":37}},"72":{"start":{"line":127,"column":18},"end":{"line":127,"column":41}},"73":{"start":{"line":128,"column":18},"end":{"line":128,"column":42}},"74":{"start":{"line":130,"column":10},"end":{"line":133,"column":11}},"75":{"start":{"line":131,"column":14},"end":{"line":131,"column":50}},"76":{"start":{"line":132,"column":14},"end":{"line":132,"column":50}},"77":{"start":{"line":134,"column":10},"end":{"line":134,"column":37}},"78":{"start":{"line":135,"column":23},"end":{"line":135,"column":84}},"79":{"start":{"line":136,"column":10},"end":{"line":136,"column":35}},"80":{"start":{"line":137,"column":10},"end":{"line":137,"column":35}},"81":{"start":{"line":138,"column":10},"end":{"line":138,"column":46}},"82":{"start":{"line":139,"column":10},"end":{"line":139,"column":50}},"83":{"start":{"line":140,"column":10},"end":{"line":140,"column":42}},"84":{"start":{"line":141,"column":10},"end":{"line":141,"column":53}},"85":{"start":{"line":142,"column":10},"end":{"line":142,"column":43}},"86":{"start":{"line":143,"column":10},"end":{"line":143,"column":32}},"87":{"start":{"line":151,"column":2},"end":{"line":151,"column":23}},"88":{"start":{"line":152,"column":2},"end":{"line":152,"column":24}},"89":{"start":{"line":153,"column":2},"end":{"line":153,"column":53}},"90":{"start":{"line":156,"column":2},"end":{"line":171,"column":5}},"91":{"start":{"line":165,"column":15},"end":{"line":165,"column":25}},"92":{"start":{"line":167,"column":4},"end":{"line":167,"column":40}},"93":{"start":{"line":170,"column":4},"end":{"line":170,"column":48}},"94":{"start":{"line":174,"column":0},"end":{"line":174,"column":46}}},"fnMap":{"0":{"name":"(anonymous_0)","decl":{"start":{"line":12,"column":36},"end":{"line":12,"column":37}},"loc":{"start":{"line":12,"column":41},"end":{"line":14,"column":1}},"line":12},"1":{"name":"logout","decl":{"start":{"line":16,"column":9},"end":{"line":16,"column":15}},"loc":{"start":{"line":16,"column":18},"end":{"line":19,"column":1}},"line":16},"2":{"name":"(anonymous_2)","decl":{"start":{"line":21,"column":44},"end":{"line":21,"column":45}},"loc":{"start":{"line":21,"column":51},"end":{"line":39,"column":1}},"line":21},"3":{"name":"(anonymous_3)","decl":{"start":{"line":27,"column":19},"end":{"line":27,"column":20}},"loc":{"start":{"line":27,"column":25},"end":{"line":29,"column":9}},"line":27},"4":{"name":"findCountry","decl":{"start":{"line":41,"column":9},"end":{"line":41,"column":20}},"loc":{"start":{"line":41,"column":23},"end":{"line":82,"column":1}},"line":41},"5":{"name":"(anonymous_5)","decl":{"start":{"line":42,"column":20},"end":{"line":42,"column":21}},"loc":{"start":{"line":42,"column":28},"end":{"line":80,"column":5}},"line":42},"6":{"name":"startGame","decl":{"start":{"line":95,"column":9},"end":{"line":95,"column":18}},"loc":{"start":{"line":95,"column":21},"end":{"line":148,"column":1}},"line":95},"7":{"name":"(anonymous_7)","decl":{"start":{"line":106,"column":22},"end":{"line":106,"column":23}},"loc":{"start":{"line":106,"column":28},"end":{"line":147,"column":3}},"line":106},"8":{"name":"(anonymous_8)","decl":{"start":{"line":112,"column":22},"end":{"line":112,"column":23}},"loc":{"start":{"line":112,"column":30},"end":{"line":145,"column":7}},"line":112},"9":{"name":"endGame","decl":{"start":{"line":150,"column":9},"end":{"line":150,"column":16}},"loc":{"start":{"line":150,"column":19},"end":{"line":172,"column":1}},"line":150},"10":{"name":"(anonymous_10)","decl":{"start":{"line":165,"column":8},"end":{"line":165,"column":9}},"loc":{"start":{"line":165,"column":15},"end":{"line":165,"column":25}},"line":165},"11":{"name":"(anonymous_11)","decl":{"start":{"line":166,"column":8},"end":{"line":166,"column":9}},"loc":{"start":{"line":166,"column":16},"end":{"line":168,"column":3}},"line":166},"12":{"name":"(anonymous_12)","decl":{"start":{"line":169,"column":9},"end":{"line":169,"column":10}},"loc":{"start":{"line":169,"column":16},"end":{"line":171,"column":3}},"line":169}},"branchMap":{"0":{"loc":{"start":{"line":23,"column":4},"end":{"line":37,"column":5}},"type":"if","locations":[{"start":{"line":23,"column":4},"end":{"line":37,"column":5}},{"start":{"line":33,"column":9},"end":{"line":37,"column":5}}],"line":23},"1":{"loc":{"start":{"line":57,"column":7},"end":{"line":79,"column":9}},"type":"if","locations":[{"start":{"line":57,"column":7},"end":{"line":79,"column":9}},{"start":{},"end":{}}],"line":57},"2":{"loc":{"start":{"line":62,"column":12},"end":{"line":65,"column":13}},"type":"if","locations":[{"start":{"line":62,"column":12},"end":{"line":65,"column":13}},{"start":{},"end":{}}],"line":62},"3":{"loc":{"start":{"line":110,"column":4},"end":{"line":146,"column":5}},"type":"if","locations":[{"start":{"line":110,"column":4},"end":{"line":146,"column":5}},{"start":{},"end":{}}],"line":110},"4":{"loc":{"start":{"line":125,"column":8},"end":{"line":144,"column":9}},"type":"if","locations":[{"start":{"line":125,"column":8},"end":{"line":144,"column":9}},{"start":{},"end":{}}],"line":125},"5":{"loc":{"start":{"line":130,"column":10},"end":{"line":133,"column":11}},"type":"if","locations":[{"start":{"line":130,"column":10},"end":{"line":133,"column":11}},{"start":{},"end":{}}],"line":130}},"s":{"0":0,"1":0,"2":0,"3":0,"4":0,"5":0,"6":0,"7":0,"8":0,"9":0,"10":0,"11":0,"12":0,"13":0,"14":0,"15":0,"16":0,"17":0,"18":0,"19":0,"20":0,"21":0,"22":0,"23":0,"24":0,"25":0,"26":0,"27":0,"28":0,"29":0,"30":0,"31":0,"32":0,"33":0,"34":0,"35":0,"36":0,"37":0,"38":0,"39":0,"40":0,"41":0,"42":0,"43":0,"44":0,"45":0,"46":0,"47":0,"48":0,"49":0,"50":0,"51":0,"52":0,"53":0,"54":0,"55":0,"56":0,"57":0,"58":0,"59":0,"60":0,"61":0,"62":0,"63":0,"64":0,"65":0,"66":0,"67":0,"68":0,"69":0,"70":0,"71":0,"72":0,"73":0,"74":0,"75":0,"76":0,"77":0,"78":0,"79":0,"80":0,"81":0,"82":0,"83":0,"84":0,"85":0,"86":0,"87":0,"88":0,"89":0,"90":0,"91":0,"92":0,"93":0,"94":0},"f":{"0":0,"1":0,"2":0,"3":0,"4":0,"5":0,"6":0,"7":0,"8":0,"9":0,"10":0,"11":0,"12":0},"b":{"0":[0,0],"1":[0,0],"2":[0,0],"3":[0,0],"4":[0,0],"5":[0,0]}}
,"C:\\Users\\jefe\\Desktop\\week5project\\LaFosseAlphaProject\\client\\jest.config.js": {"path":"C:\\Users\\jefe\\Desktop\\week5project\\LaFosseAlphaProject\\client\\jest.config.js","statementMap":{"0":{"start":{"line":1,"column":0},"end":{"line":11,"column":4}}},"fnMap":{},"branchMap":{},"s":{"0":0},"f":{},"b":{}}
,"C:\\Users\\jefe\\Desktop\\week5project\\LaFosseAlphaProject\\client\\login.js": {"path":"C:\\Users\\jefe\\Desktop\\week5project\\LaFosseAlphaProject\\client\\login.js","statementMap":{"0":{"start":{"line":1,"column":20},"end":{"line":1,"column":57}},"1":{"start":{"line":2,"column":24},"end":{"line":2,"column":64}},"2":{"start":{"line":3,"column":24},"end":{"line":3,"column":64}},"3":{"start":{"line":5,"column":2},"end":{"line":32,"column":4}},"4":{"start":{"line":6,"column":4},"end":{"line":6,"column":22}},"5":{"start":{"line":8,"column":21},"end":{"line":8,"column":47}},"6":{"start":{"line":9,"column":21},"end":{"line":9,"column":47}},"7":{"start":{"line":11,"column":4},"end":{"line":30,"column":9}},"8":{"start":{"line":12,"column":25},"end":{"line":16,"column":12}},"9":{"start":{"line":18,"column":23},"end":{"line":18,"column":44}},"10":{"start":{"line":20,"column":10},"end":{"line":27,"column":13}},"11":{"start":{"line":21,"column":14},"end":{"line":21,"column":53}},"12":{"start":{"line":22,"column":14},"end":{"line":22,"column":50}},"13":{"start":{"line":25,"column":14},"end":{"line":25,"column":57}},"14":{"start":{"line":26,"column":14},"end":{"line":26,"column":50}},"15":{"start":{"line":29,"column":12},"end":{"line":29,"column":46}}},"fnMap":{"0":{"name":"(anonymous_0)","decl":{"start":{"line":5,"column":39},"end":{"line":5,"column":40}},"loc":{"start":{"line":5,"column":52},"end":{"line":32,"column":3}},"line":5}},"branchMap":{"0":{"loc":{"start":{"line":20,"column":10},"end":{"line":27,"column":13}},"type":"if","locations":[{"start":{"line":20,"column":10},"end":{"line":27,"column":13}},{"start":{"line":24,"column":19},"end":{"line":27,"column":13}}],"line":20}},"s":{"0":0,"1":0,"2":0,"3":0,"4":0,"5":0,"6":0,"7":0,"8":0,"9":0,"10":0,"11":0,"12":0,"13":0,"14":0,"15":0},"f":{"0":0},"b":{"0":[0,0]}}
,"C:\\Users\\jefe\\Desktop\\week5project\\LaFosseAlphaProject\\client\\signup.js": {"path":"C:\\Users\\jefe\\Desktop\\week5project\\LaFosseAlphaProject\\client\\signup.js","statementMap":{"0":{"start":{"line":3,"column":0},"end":{"line":52,"column":5}},"1":{"start":{"line":4,"column":17},"end":{"line":4,"column":55}},"2":{"start":{"line":6,"column":4},"end":{"line":51,"column":7}},"3":{"start":{"line":7,"column":6},"end":{"line":7,"column":25}},"4":{"start":{"line":8,"column":6},"end":{"line":8,"column":36}},"5":{"start":{"line":9,"column":6},"end":{"line":9,"column":20}},"6":{"start":{"line":11,"column":23},"end":{"line":11,"column":72}},"7":{"start":{"line":12,"column":20},"end":{"line":12,"column":71}},"8":{"start":{"line":13,"column":23},"end":{"line":13,"column":77}},"9":{"start":{"line":15,"column":6},"end":{"line":18,"column":7}},"10":{"start":{"line":16,"column":8},"end":{"line":16,"column":44}},"11":{"start":{"line":17,"column":8},"end":{"line":17,"column":15}},"12":{"start":{"line":20,"column":22},"end":{"line":24,"column":7}},"13":{"start":{"line":26,"column":6},"end":{"line":26,"column":39}},"14":{"start":{"line":28,"column":6},"end":{"line":50,"column":7}},"15":{"start":{"line":29,"column":20},"end":{"line":35,"column":10}},"16":{"start":{"line":36,"column":8},"end":{"line":36,"column":28}},"17":{"start":{"line":38,"column":21},"end":{"line":38,"column":37}},"18":{"start":{"line":40,"column":8},"end":{"line":45,"column":9}},"19":{"start":{"line":41,"column":10},"end":{"line":41,"column":58}},"20":{"start":{"line":42,"column":10},"end":{"line":42,"column":47}},"21":{"start":{"line":44,"column":10},"end":{"line":44,"column":55}},"22":{"start":{"line":48,"column":8},"end":{"line":48,"column":27}},"23":{"start":{"line":49,"column":8},"end":{"line":49,"column":60}}},"fnMap":{"0":{"name":"(anonymous_0)","decl":{"start":{"line":3,"column":46},"end":{"line":3,"column":47}},"loc":{"start":{"line":3,"column":52},"end":{"line":52,"column":3}},"line":3},"1":{"name":"(anonymous_1)","decl":{"start":{"line":6,"column":36},"end":{"line":6,"column":37}},"loc":{"start":{"line":6,"column":49},"end":{"line":51,"column":5}},"line":6}},"branchMap":{"0":{"loc":{"start":{"line":15,"column":6},"end":{"line":18,"column":7}},"type":"if","locations":[{"start":{"line":15,"column":6},"end":{"line":18,"column":7}},{"start":{},"end":{}}],"line":15},"1":{"loc":{"start":{"line":15,"column":10},"end":{"line":15,"column":42}},"type":"binary-expr","locations":[{"start":{"line":15,"column":10},"end":{"line":15,"column":19}},{"start":{"line":15,"column":23},"end":{"line":15,"column":29}},{"start":{"line":15,"column":33},"end":{"line":15,"column":42}}],"line":15},"2":{"loc":{"start":{"line":40,"column":8},"end":{"line":45,"column":9}},"type":"if","locations":[{"start":{"line":40,"column":8},"end":{"line":45,"column":9}},{"start":{"line":43,"column":15},"end":{"line":45,"column":9}}],"line":40},"3":{"loc":{"start":{"line":44,"column":16},"end":{"line":44,"column":53}},"type":"binary-expr","locations":[{"start":{"line":44,"column":16},"end":{"line":44,"column":26}},{"start":{"line":44,"column":30},"end":{"line":44,"column":53}}],"line":44}},"s":{"0":0,"1":0,"2":0,"3":0,"4":0,"5":0,"6":0,"7":0,"8":0,"9":0,"10":0,"11":0,"12":0,"13":0,"14":0,"15":0,"16":0,"17":0,"18":0,"19":0,"20":0,"21":0,"22":0,"23":0},"f":{"0":0,"1":0},"b":{"0":[0,0],"1":[0,0,0],"2":[0,0],"3":[0,0]}}
}
